2024-12-03 17:08:14,858 [main] INFO  (DfReplaceSchemaTask#begin():94) - +------------------------------------------+
2024-12-03 17:08:14,859 [main] INFO  (DfReplaceSchemaTask#begin():95) - |                                          |
2024-12-03 17:08:14,859 [main] INFO  (DfReplaceSchemaTask#begin():96) - |              ReplaceSchema               |
2024-12-03 17:08:14,860 [main] INFO  (DfReplaceSchemaTask#begin():104) - |                                          |
2024-12-03 17:08:14,860 [main] INFO  (DfReplaceSchemaTask#begin():105) - +------------------------------------------+
2024-12-03 17:08:14,861 [main] INFO  (DfReplaceSchemaTask#waitBeforeReps():423) - ...Waiting for your GO SIGN from stdin before ReplaceSchema:
2024-12-03 17:08:20,214 [main] INFO  (DfDataSourceHandler#prepare():78) - ...Preparing data source:
2024-12-03 17:08:20,214 [main] INFO  (DfDataSourceHandler#prepare():79) -   driver = com.mysql.jdbc.Driver
2024-12-03 17:08:20,214 [main] INFO  (DfDataSourceHandler#prepare():80) -   url    = jdbc:mysql://localhost:43376/maihamadb?
2024-12-03 17:08:20,214 [main] INFO  (DfDataSourceHandler#prepare():81) -   user   = maihamadb
2024-12-03 17:08:20,220 [main] INFO  (DfDataSourceHandler#createConnection():166) - ...Connecting to database by data source:
2024-12-03 17:08:20,315 [main] INFO  (DfReplaceSchemaTask#setupLazyConnection():146) - ...Being a lazy connection: Failed to connect: url=jdbc:mysql://localhost:4...
2024-12-03 17:08:20,320 [main] INFO  (DfCreateSchemaProcess#initializeSchemaMainDrop():253) - 
2024-12-03 17:08:20,320 [main] INFO  (DfCreateSchemaProcess#initializeSchemaMainDrop():254) - * * * * * * * * * * *
2024-12-03 17:08:20,320 [main] INFO  (DfCreateSchemaProcess#initializeSchemaMainDrop():255) - *                   *
2024-12-03 17:08:20,320 [main] INFO  (DfCreateSchemaProcess#initializeSchemaMainDrop():256) - * Initialize Schema *
2024-12-03 17:08:20,320 [main] INFO  (DfCreateSchemaProcess#initializeSchemaMainDrop():257) - *                   *
2024-12-03 17:08:20,320 [main] INFO  (DfCreateSchemaProcess#initializeSchemaMainDrop():258) - * * * * * * * * * * *
2024-12-03 17:08:20,320 [main] INFO  (DfCreateSchemaProcess#initializeSchemaMainDrop():260) - *Passed because it's a lazy connection
2024-12-03 17:08:20,321 [main] INFO  (DfCreateSchemaProcess#createSchema():293) - 
2024-12-03 17:08:20,321 [main] INFO  (DfCreateSchemaProcess#createSchema():294) - * * * * * * * * *
2024-12-03 17:08:20,321 [main] INFO  (DfCreateSchemaProcess#createSchema():295) - *               *
2024-12-03 17:08:20,321 [main] INFO  (DfCreateSchemaProcess#createSchema():296) - * Create Schema *
2024-12-03 17:08:20,321 [main] INFO  (DfCreateSchemaProcess#createSchema():297) - *               *
2024-12-03 17:08:20,321 [main] INFO  (DfCreateSchemaProcess#createSchema():298) - * * * * * * * * *
2024-12-03 17:08:20,323 [main] INFO  (DfSqlFileFireMan#fire():68) - ...Firing: replace-schema-00-system.sql
2024-12-03 17:08:20,325 [main] INFO  (DfSqlFileRunnerBase#traceSql():168) - 
-- #df:changeUser(system)#
-- #df:checkUser(mainSchema)#
create database maihamadb
2024-12-03 17:08:20,325 [main] INFO  (DfCreateSchemaProcess$1#dispatch():325) - ...Creating a connection to system
2024-12-03 17:08:20,325 [main] INFO  (DfReplaceSchemaProperties#createAdditionalUserConnection():539) - ...Creating a connection for additional user: root
2024-12-03 17:08:20,329 [main] ERROR (DfDBFluteTaskUtil#logException():150) - Look! Read the message below.
/* * * * * * * * * * * * * * * * * * * * * * * * * * * * * * * * * *
Failed to execute DBFlute Task 'ReplaceSchema'.

[Advice]
Check the exception messages and the stack traces.
* * * * * * * * * */
java.lang.IllegalStateException: Failed to connect: url=jdbc:mysql://localhost:43376?allowPublicKeyRetrieval=true&sslMode=DISABLED info={password=, user=root}
	at org.dbflute.properties.DfAbstractDBFluteProperties.createConnection(DfAbstractDBFluteProperties.java:319)
	at org.dbflute.properties.DfReplaceSchemaProperties.createAdditionalUserConnection(DfReplaceSchemaProperties.java:540)
	at org.dbflute.logic.replaceschema.process.DfCreateSchemaProcess$1.dispatch(DfCreateSchemaProcess.java:326)
	at org.dbflute.helper.jdbc.sqlfile.DfSqlFileRunnerExecute.dispatch(DfSqlFileRunnerExecute.java:89)
	at org.dbflute.helper.jdbc.sqlfile.DfSqlFileRunnerExecute.execSQL(DfSqlFileRunnerExecute.java:58)
	at org.dbflute.helper.jdbc.sqlfile.DfSqlFileRunnerBase.runTransaction(DfSqlFileRunnerBase.java:122)
	at org.dbflute.helper.jdbc.sqlfile.DfSqlFileFireMan.processSqlFile(DfSqlFileFireMan.java:174)
	at org.dbflute.helper.jdbc.sqlfile.DfSqlFileFireMan.fire(DfSqlFileFireMan.java:71)
	at org.dbflute.logic.replaceschema.process.DfCreateSchemaProcess.createSchema(DfCreateSchemaProcess.java:302)
	at org.dbflute.logic.replaceschema.process.DfCreateSchemaProcess.execute(DfCreateSchemaProcess.java:154)
	at org.dbflute.task.DfReplaceSchemaTask.createSchema(DfReplaceSchemaTask.java:309)
	at org.dbflute.task.DfReplaceSchemaTask.executeCoreProcess(DfReplaceSchemaTask.java:254)
	at org.dbflute.task.DfReplaceSchemaTask.processReplaceSchema(DfReplaceSchemaTask.java:240)
	at org.dbflute.task.DfReplaceSchemaTask.doExecute(DfReplaceSchemaTask.java:160)
	at org.dbflute.task.bs.DfAbstractTexenTask$1.callActualExecute(DfAbstractTexenTask.java:129)
	at org.dbflute.task.bs.assistant.DfTaskBasicController.doExecute(DfTaskBasicController.java:192)
	at org.dbflute.task.bs.assistant.DfTaskBasicController.execute(DfTaskBasicController.java:78)
	at org.dbflute.task.bs.DfAbstractTexenTask.execute(DfAbstractTexenTask.java:151)
	at org.apache.tools.ant.UnknownElement.execute(UnknownElement.java:288)
	at jdk.internal.reflect.GeneratedMethodAccessor3.invoke(Unknown Source)
	at java.base/jdk.internal.reflect.DelegatingMethodAccessorImpl.invoke(DelegatingMethodAccessorImpl.java:43)
	at java.base/java.lang.reflect.Method.invoke(Method.java:569)
	at org.apache.tools.ant.dispatch.DispatchUtils.execute(DispatchUtils.java:105)
	at org.apache.tools.ant.Task.perform(Task.java:348)
	at org.apache.tools.ant.Target.execute(Target.java:357)
	at org.apache.tools.ant.Target.performTasks(Target.java:385)
	at org.apache.tools.ant.Project.executeSortedTargets(Project.java:1329)
	at org.apache.tools.ant.Project.executeTarget(Project.java:1298)
	at org.apache.tools.ant.helper.DefaultExecutor.executeTargets(DefaultExecutor.java:41)
	at org.apache.tools.ant.Project.executeTargets(Project.java:1181)
	at org.apache.tools.ant.Main.runBuild(Main.java:698)
	at org.apache.tools.ant.Main.startAnt(Main.java:199)
	at org.apache.tools.ant.launch.Launcher.run(Launcher.java:257)
	at org.apache.tools.ant.launch.Launcher.main(Launcher.java:104)
Caused by: com.mysql.jdbc.exceptions.jdbc4.CommunicationsException: Communications link failure

The last packet sent successfully to the server was 0 milliseconds ago. The driver has not received any packets from the server.
	at java.base/jdk.internal.reflect.NativeConstructorAccessorImpl.newInstance0(Native Method)
	at java.base/jdk.internal.reflect.NativeConstructorAccessorImpl.newInstance(NativeConstructorAccessorImpl.java:77)
	at java.base/jdk.internal.reflect.DelegatingConstructorAccessorImpl.newInstance(DelegatingConstructorAccessorImpl.java:45)
	at java.base/java.lang.reflect.Constructor.newInstanceWithCaller(Constructor.java:500)
	at java.base/java.lang.reflect.Constructor.newInstance(Constructor.java:481)
	at com.mysql.jdbc.Util.handleNewInstance(Util.java:403)
	at com.mysql.jdbc.SQLError.createCommunicationsException(SQLError.java:990)
	at com.mysql.jdbc.MysqlIO.<init>(MysqlIO.java:335)
	at com.mysql.jdbc.ConnectionImpl.coreConnect(ConnectionImpl.java:2187)
	at com.mysql.jdbc.ConnectionImpl.connectOneTryOnly(ConnectionImpl.java:2220)
	at com.mysql.jdbc.ConnectionImpl.createNewIO(ConnectionImpl.java:2015)
	at com.mysql.jdbc.ConnectionImpl.<init>(ConnectionImpl.java:768)
	at com.mysql.jdbc.JDBC4Connection.<init>(JDBC4Connection.java:47)
	at java.base/jdk.internal.reflect.NativeConstructorAccessorImpl.newInstance0(Native Method)
	at java.base/jdk.internal.reflect.NativeConstructorAccessorImpl.newInstance(NativeConstructorAccessorImpl.java:77)
	at java.base/jdk.internal.reflect.DelegatingConstructorAccessorImpl.newInstance(DelegatingConstructorAccessorImpl.java:45)
	at java.base/java.lang.reflect.Constructor.newInstanceWithCaller(Constructor.java:500)
	at java.base/java.lang.reflect.Constructor.newInstance(Constructor.java:481)
	at com.mysql.jdbc.Util.handleNewInstance(Util.java:403)
	at com.mysql.jdbc.ConnectionImpl.getInstance(ConnectionImpl.java:385)
	at com.mysql.jdbc.NonRegisteringDriver.connect(NonRegisteringDriver.java:323)
	at java.sql/java.sql.DriverManager.getConnection(DriverManager.java:681)
	at java.sql/java.sql.DriverManager.getConnection(DriverManager.java:190)
	at org.dbflute.properties.DfAbstractDBFluteProperties.createConnection(DfAbstractDBFluteProperties.java:314)
	... 33 more
Caused by: java.net.ConnectException: Connection refused
	at java.base/sun.nio.ch.Net.connect0(Native Method)
	at java.base/sun.nio.ch.Net.connect(Net.java:579)
	at java.base/sun.nio.ch.Net.connect(Net.java:568)
	at java.base/sun.nio.ch.NioSocketImpl.connect(NioSocketImpl.java:593)
	at java.base/java.net.SocksSocketImpl.connect(SocksSocketImpl.java:327)
	at java.base/java.net.Socket.connect(Socket.java:633)
	at com.mysql.jdbc.StandardSocketFactory.connect(StandardSocketFactory.java:211)
	at com.mysql.jdbc.MysqlIO.<init>(MysqlIO.java:299)
	... 49 more
2024-12-03 17:08:20,356 [main] INFO  (DfDBFluteTaskUtil#logFinalMessage():139) - 
_/_/_/_/_/_/_/_/_/_/_/_/_/_/_/_/_/_/_/_/_/_/
[Final Message]: 00m05s497ms *Abort

  DBFLUTE_CLIENT: {maihamadb}
    database  = mysql
    language  = java
    container = lasta_di
    package   = org.docksidestage.handson.dbflute

  DBFLUTE_ENVIRONMENT_TYPE: {}
    driver = com.mysql.jdbc.Driver
    url    = jdbc:mysql://localhost:43376/maihamadb?
    schema = {maihamadb.$$NoNameSchema$$ as main}
    user   = maihamadb
    props  = {password=, user=root}
    additionalSchema = 
    repsEnvType      = ut
    refreshProject   = $$AutoDetect$$


_/_/_/_/_/_/_/_/_/_/ {ReplaceSchema}
2024-12-03 17:11:03,891 [main] INFO  (DfReplaceSchemaTask#begin():94) - +------------------------------------------+
2024-12-03 17:11:03,892 [main] INFO  (DfReplaceSchemaTask#begin():95) - |                                          |
2024-12-03 17:11:03,892 [main] INFO  (DfReplaceSchemaTask#begin():96) - |              ReplaceSchema               |
2024-12-03 17:11:03,894 [main] INFO  (DfReplaceSchemaTask#begin():104) - |                                          |
2024-12-03 17:11:03,894 [main] INFO  (DfReplaceSchemaTask#begin():105) - +------------------------------------------+
2024-12-03 17:11:03,894 [main] INFO  (DfReplaceSchemaTask#waitBeforeReps():423) - ...Waiting for your GO SIGN from stdin before ReplaceSchema:
2024-12-03 17:11:05,512 [main] INFO  (DfDataSourceHandler#prepare():78) - ...Preparing data source:
2024-12-03 17:11:05,513 [main] INFO  (DfDataSourceHandler#prepare():79) -   driver = com.mysql.jdbc.Driver
2024-12-03 17:11:05,513 [main] INFO  (DfDataSourceHandler#prepare():80) -   url    = jdbc:mysql://localhost:43376/maihamadb?allowPublicKeyRetrieval=true&sslMode=DISABLED
2024-12-03 17:11:05,513 [main] INFO  (DfDataSourceHandler#prepare():81) -   user   = maihamadb
2024-12-03 17:11:05,517 [main] INFO  (DfDataSourceHandler#createConnection():166) - ...Connecting to database by data source:
2024-12-03 17:11:05,597 [main] INFO  (DfReplaceSchemaTask#setupLazyConnection():146) - ...Being a lazy connection: Failed to connect: url=jdbc:mysql://localhost:4...
2024-12-03 17:11:05,602 [main] INFO  (DfCreateSchemaProcess#initializeSchemaMainDrop():253) - 
2024-12-03 17:11:05,602 [main] INFO  (DfCreateSchemaProcess#initializeSchemaMainDrop():254) - * * * * * * * * * * *
2024-12-03 17:11:05,602 [main] INFO  (DfCreateSchemaProcess#initializeSchemaMainDrop():255) - *                   *
2024-12-03 17:11:05,602 [main] INFO  (DfCreateSchemaProcess#initializeSchemaMainDrop():256) - * Initialize Schema *
2024-12-03 17:11:05,602 [main] INFO  (DfCreateSchemaProcess#initializeSchemaMainDrop():257) - *                   *
2024-12-03 17:11:05,602 [main] INFO  (DfCreateSchemaProcess#initializeSchemaMainDrop():258) - * * * * * * * * * * *
2024-12-03 17:11:05,602 [main] INFO  (DfCreateSchemaProcess#initializeSchemaMainDrop():260) - *Passed because it's a lazy connection
2024-12-03 17:11:05,603 [main] INFO  (DfCreateSchemaProcess#createSchema():293) - 
2024-12-03 17:11:05,603 [main] INFO  (DfCreateSchemaProcess#createSchema():294) - * * * * * * * * *
2024-12-03 17:11:05,603 [main] INFO  (DfCreateSchemaProcess#createSchema():295) - *               *
2024-12-03 17:11:05,603 [main] INFO  (DfCreateSchemaProcess#createSchema():296) - * Create Schema *
2024-12-03 17:11:05,603 [main] INFO  (DfCreateSchemaProcess#createSchema():297) - *               *
2024-12-03 17:11:05,603 [main] INFO  (DfCreateSchemaProcess#createSchema():298) - * * * * * * * * *
2024-12-03 17:11:05,604 [main] INFO  (DfSqlFileFireMan#fire():68) - ...Firing: replace-schema-00-system.sql
2024-12-03 17:11:05,605 [main] INFO  (DfSqlFileRunnerBase#traceSql():168) - 
-- #df:changeUser(system)#
-- #df:checkUser(mainSchema)#
create database maihamadb
2024-12-03 17:11:05,606 [main] INFO  (DfCreateSchemaProcess$1#dispatch():325) - ...Creating a connection to system
2024-12-03 17:11:05,606 [main] INFO  (DfReplaceSchemaProperties#createAdditionalUserConnection():539) - ...Creating a connection for additional user: root
2024-12-03 17:11:05,609 [main] ERROR (DfDBFluteTaskUtil#logException():150) - Look! Read the message below.
/* * * * * * * * * * * * * * * * * * * * * * * * * * * * * * * * * *
Failed to execute DBFlute Task 'ReplaceSchema'.

[Advice]
Check the exception messages and the stack traces.
* * * * * * * * * */
java.lang.IllegalStateException: Failed to connect: url=jdbc:mysql://localhost:43376?allowPublicKeyRetrieval=true&sslMode=DISABLED info={password=, user=root}
	at org.dbflute.properties.DfAbstractDBFluteProperties.createConnection(DfAbstractDBFluteProperties.java:319)
	at org.dbflute.properties.DfReplaceSchemaProperties.createAdditionalUserConnection(DfReplaceSchemaProperties.java:540)
	at org.dbflute.logic.replaceschema.process.DfCreateSchemaProcess$1.dispatch(DfCreateSchemaProcess.java:326)
	at org.dbflute.helper.jdbc.sqlfile.DfSqlFileRunnerExecute.dispatch(DfSqlFileRunnerExecute.java:89)
	at org.dbflute.helper.jdbc.sqlfile.DfSqlFileRunnerExecute.execSQL(DfSqlFileRunnerExecute.java:58)
	at org.dbflute.helper.jdbc.sqlfile.DfSqlFileRunnerBase.runTransaction(DfSqlFileRunnerBase.java:122)
	at org.dbflute.helper.jdbc.sqlfile.DfSqlFileFireMan.processSqlFile(DfSqlFileFireMan.java:174)
	at org.dbflute.helper.jdbc.sqlfile.DfSqlFileFireMan.fire(DfSqlFileFireMan.java:71)
	at org.dbflute.logic.replaceschema.process.DfCreateSchemaProcess.createSchema(DfCreateSchemaProcess.java:302)
	at org.dbflute.logic.replaceschema.process.DfCreateSchemaProcess.execute(DfCreateSchemaProcess.java:154)
	at org.dbflute.task.DfReplaceSchemaTask.createSchema(DfReplaceSchemaTask.java:309)
	at org.dbflute.task.DfReplaceSchemaTask.executeCoreProcess(DfReplaceSchemaTask.java:254)
	at org.dbflute.task.DfReplaceSchemaTask.processReplaceSchema(DfReplaceSchemaTask.java:240)
	at org.dbflute.task.DfReplaceSchemaTask.doExecute(DfReplaceSchemaTask.java:160)
	at org.dbflute.task.bs.DfAbstractTexenTask$1.callActualExecute(DfAbstractTexenTask.java:129)
	at org.dbflute.task.bs.assistant.DfTaskBasicController.doExecute(DfTaskBasicController.java:192)
	at org.dbflute.task.bs.assistant.DfTaskBasicController.execute(DfTaskBasicController.java:78)
	at org.dbflute.task.bs.DfAbstractTexenTask.execute(DfAbstractTexenTask.java:151)
	at org.apache.tools.ant.UnknownElement.execute(UnknownElement.java:288)
	at jdk.internal.reflect.GeneratedMethodAccessor3.invoke(Unknown Source)
	at java.base/jdk.internal.reflect.DelegatingMethodAccessorImpl.invoke(DelegatingMethodAccessorImpl.java:43)
	at java.base/java.lang.reflect.Method.invoke(Method.java:569)
	at org.apache.tools.ant.dispatch.DispatchUtils.execute(DispatchUtils.java:105)
	at org.apache.tools.ant.Task.perform(Task.java:348)
	at org.apache.tools.ant.Target.execute(Target.java:357)
	at org.apache.tools.ant.Target.performTasks(Target.java:385)
	at org.apache.tools.ant.Project.executeSortedTargets(Project.java:1329)
	at org.apache.tools.ant.Project.executeTarget(Project.java:1298)
	at org.apache.tools.ant.helper.DefaultExecutor.executeTargets(DefaultExecutor.java:41)
	at org.apache.tools.ant.Project.executeTargets(Project.java:1181)
	at org.apache.tools.ant.Main.runBuild(Main.java:698)
	at org.apache.tools.ant.Main.startAnt(Main.java:199)
	at org.apache.tools.ant.launch.Launcher.run(Launcher.java:257)
	at org.apache.tools.ant.launch.Launcher.main(Launcher.java:104)
Caused by: com.mysql.jdbc.exceptions.jdbc4.CommunicationsException: Communications link failure

The last packet sent successfully to the server was 0 milliseconds ago. The driver has not received any packets from the server.
	at java.base/jdk.internal.reflect.NativeConstructorAccessorImpl.newInstance0(Native Method)
	at java.base/jdk.internal.reflect.NativeConstructorAccessorImpl.newInstance(NativeConstructorAccessorImpl.java:77)
	at java.base/jdk.internal.reflect.DelegatingConstructorAccessorImpl.newInstance(DelegatingConstructorAccessorImpl.java:45)
	at java.base/java.lang.reflect.Constructor.newInstanceWithCaller(Constructor.java:500)
	at java.base/java.lang.reflect.Constructor.newInstance(Constructor.java:481)
	at com.mysql.jdbc.Util.handleNewInstance(Util.java:403)
	at com.mysql.jdbc.SQLError.createCommunicationsException(SQLError.java:990)
	at com.mysql.jdbc.MysqlIO.<init>(MysqlIO.java:335)
	at com.mysql.jdbc.ConnectionImpl.coreConnect(ConnectionImpl.java:2187)
	at com.mysql.jdbc.ConnectionImpl.connectOneTryOnly(ConnectionImpl.java:2220)
	at com.mysql.jdbc.ConnectionImpl.createNewIO(ConnectionImpl.java:2015)
	at com.mysql.jdbc.ConnectionImpl.<init>(ConnectionImpl.java:768)
	at com.mysql.jdbc.JDBC4Connection.<init>(JDBC4Connection.java:47)
	at java.base/jdk.internal.reflect.NativeConstructorAccessorImpl.newInstance0(Native Method)
	at java.base/jdk.internal.reflect.NativeConstructorAccessorImpl.newInstance(NativeConstructorAccessorImpl.java:77)
	at java.base/jdk.internal.reflect.DelegatingConstructorAccessorImpl.newInstance(DelegatingConstructorAccessorImpl.java:45)
	at java.base/java.lang.reflect.Constructor.newInstanceWithCaller(Constructor.java:500)
	at java.base/java.lang.reflect.Constructor.newInstance(Constructor.java:481)
	at com.mysql.jdbc.Util.handleNewInstance(Util.java:403)
	at com.mysql.jdbc.ConnectionImpl.getInstance(ConnectionImpl.java:385)
	at com.mysql.jdbc.NonRegisteringDriver.connect(NonRegisteringDriver.java:323)
	at java.sql/java.sql.DriverManager.getConnection(DriverManager.java:681)
	at java.sql/java.sql.DriverManager.getConnection(DriverManager.java:190)
	at org.dbflute.properties.DfAbstractDBFluteProperties.createConnection(DfAbstractDBFluteProperties.java:314)
	... 33 more
Caused by: java.net.ConnectException: Connection refused
	at java.base/sun.nio.ch.Net.connect0(Native Method)
	at java.base/sun.nio.ch.Net.connect(Net.java:579)
	at java.base/sun.nio.ch.Net.connect(Net.java:568)
	at java.base/sun.nio.ch.NioSocketImpl.connect(NioSocketImpl.java:593)
	at java.base/java.net.SocksSocketImpl.connect(SocksSocketImpl.java:327)
	at java.base/java.net.Socket.connect(Socket.java:633)
	at com.mysql.jdbc.StandardSocketFactory.connect(StandardSocketFactory.java:211)
	at com.mysql.jdbc.MysqlIO.<init>(MysqlIO.java:299)
	... 49 more
2024-12-03 17:11:05,631 [main] INFO  (DfDBFluteTaskUtil#logFinalMessage():139) - 
_/_/_/_/_/_/_/_/_/_/_/_/_/_/_/_/_/_/_/_/_/_/
[Final Message]: 00m01s739ms *Abort

  DBFLUTE_CLIENT: {maihamadb}
    database  = mysql
    language  = java
    container = lasta_di
    package   = org.docksidestage.handson.dbflute

  DBFLUTE_ENVIRONMENT_TYPE: {}
    driver = com.mysql.jdbc.Driver
    url    = jdbc:mysql://localhost:43376/maihamadb?allowPublicKeyRetrieval=true&sslMode=DISABLED
    schema = {maihamadb.$$NoNameSchema$$ as main}
    user   = maihamadb
    props  = {password=, user=root}
    additionalSchema = 
    repsEnvType      = ut
    refreshProject   = $$AutoDetect$$


_/_/_/_/_/_/_/_/_/_/ {ReplaceSchema}
2024-12-03 17:12:40,889 [main] INFO  (DfReplaceSchemaTask#begin():94) - +------------------------------------------+
2024-12-03 17:12:40,890 [main] INFO  (DfReplaceSchemaTask#begin():95) - |                                          |
2024-12-03 17:12:40,890 [main] INFO  (DfReplaceSchemaTask#begin():96) - |              ReplaceSchema               |
2024-12-03 17:12:40,891 [main] INFO  (DfReplaceSchemaTask#begin():104) - |                                          |
2024-12-03 17:12:40,891 [main] INFO  (DfReplaceSchemaTask#begin():105) - +------------------------------------------+
2024-12-03 17:12:40,892 [main] INFO  (DfReplaceSchemaTask#waitBeforeReps():423) - ...Waiting for your GO SIGN from stdin before ReplaceSchema:
2024-12-03 17:12:43,301 [main] INFO  (DfDataSourceHandler#prepare():78) - ...Preparing data source:
2024-12-03 17:12:43,301 [main] INFO  (DfDataSourceHandler#prepare():79) -   driver = com.mysql.jdbc.Driver
2024-12-03 17:12:43,301 [main] INFO  (DfDataSourceHandler#prepare():80) -   url    = jdbc:mysql://localhost:43376/maihamadb?allowPublicKeyRetrieval=true&sslMode=DISABLED
2024-12-03 17:12:43,302 [main] INFO  (DfDataSourceHandler#prepare():81) -   user   = maihamadb
2024-12-03 17:12:43,307 [main] INFO  (DfDataSourceHandler#createConnection():166) - ...Connecting to database by data source:
2024-12-03 17:12:43,525 [main] INFO  (DfReplaceSchemaTask#setupLazyConnection():146) - ...Being a lazy connection: Failed to connect: url=jdbc:mysql://localhost:4...
2024-12-03 17:12:43,530 [main] INFO  (DfCreateSchemaProcess#initializeSchemaMainDrop():253) - 
2024-12-03 17:12:43,530 [main] INFO  (DfCreateSchemaProcess#initializeSchemaMainDrop():254) - * * * * * * * * * * *
2024-12-03 17:12:43,530 [main] INFO  (DfCreateSchemaProcess#initializeSchemaMainDrop():255) - *                   *
2024-12-03 17:12:43,530 [main] INFO  (DfCreateSchemaProcess#initializeSchemaMainDrop():256) - * Initialize Schema *
2024-12-03 17:12:43,530 [main] INFO  (DfCreateSchemaProcess#initializeSchemaMainDrop():257) - *                   *
2024-12-03 17:12:43,530 [main] INFO  (DfCreateSchemaProcess#initializeSchemaMainDrop():258) - * * * * * * * * * * *
2024-12-03 17:12:43,530 [main] INFO  (DfCreateSchemaProcess#initializeSchemaMainDrop():260) - *Passed because it's a lazy connection
2024-12-03 17:12:43,531 [main] INFO  (DfCreateSchemaProcess#createSchema():293) - 
2024-12-03 17:12:43,531 [main] INFO  (DfCreateSchemaProcess#createSchema():294) - * * * * * * * * *
2024-12-03 17:12:43,531 [main] INFO  (DfCreateSchemaProcess#createSchema():295) - *               *
2024-12-03 17:12:43,531 [main] INFO  (DfCreateSchemaProcess#createSchema():296) - * Create Schema *
2024-12-03 17:12:43,531 [main] INFO  (DfCreateSchemaProcess#createSchema():297) - *               *
2024-12-03 17:12:43,531 [main] INFO  (DfCreateSchemaProcess#createSchema():298) - * * * * * * * * *
2024-12-03 17:12:43,532 [main] INFO  (DfSqlFileFireMan#fire():68) - ...Firing: replace-schema-00-system.sql
2024-12-03 17:12:43,533 [main] INFO  (DfSqlFileRunnerBase#traceSql():168) - 
-- #df:changeUser(system)#
-- #df:checkUser(mainSchema)#
create database maihamadb
2024-12-03 17:12:43,533 [main] INFO  (DfCreateSchemaProcess$1#dispatch():325) - ...Creating a connection to system
2024-12-03 17:12:43,533 [main] INFO  (DfReplaceSchemaProperties#createAdditionalUserConnection():539) - ...Creating a connection for additional user: root
2024-12-03 17:12:43,562 [main] INFO  (DfSqlFileRunnerBase#traceSql():168) - 
-- #df:reviveUser()#
-- #df:checkUser(mainUser, grant)#
create user maihamadb@localhost identified by 'maihamadb'
2024-12-03 17:12:43,567 [main] INFO  (DfSqlFileRunnerBase#traceSql():168) - 
-- #df:reviveUser()#
-- #df:checkUser(mainUser, grant)#
grant all privileges on maihamadb.* to maihamadb@localhost
2024-12-03 17:12:43,568 [main] INFO  (DfSqlFileRunnerBase#traceSql():168) - flush privileges
2024-12-03 17:12:43,569 [main] INFO  (DfSqlFileRunnerBase#traceResult():172) -  -> success=4 failure=0
2024-12-03 17:12:43,569 [main] INFO  (DfSqlFileFireMan#fire():68) - ...Firing: replace-schema-10-basic.sql
2024-12-03 17:12:43,569 [main] INFO  (DfCreateSchemaProcess$DfSqlFileRunnerExecuteCreateSchema#restoreCurrentUser():411) - ...Coming back to the main user from the user 'system'
2024-12-03 17:12:43,573 [main] INFO  (DfSqlFileRunnerBase#traceSql():168) - 
create table `MEMBER`(
    MEMBER_ID INTEGER AUTO_INCREMENT NOT NULL COMMENT '会員ID: 会員を識別するID。連番として基本的に自動採番される。
（会員IDだけに限らず）採番方法はDBMSによって変わる。',
    MEMBER_NAME VARCHAR(160) NOT NULL COMMENT '会員名称: 会員のフルネームの名称。',
    MEMBER_ACCOUNT VARCHAR(50) NOT NULL COMMENT '会員アカウント: 会員がログイン時に利用するアカウントNO。',
    MEMBER_STATUS_CODE CHAR(3) NOT NULL COMMENT '会員ステータスコード',
    FORMALIZED_DATETIME DATETIME COMMENT '正式会員日時: 会員が正式に確定した日時。一度確定したら更新されない。
仮会員のときはnull。',
    BIRTHDATE DATE COMMENT '生年月日: 必須項目ではないので、このデータがない会員もいる。',
    REGISTER_DATETIME DATETIME NOT NULL COMMENT '登録日時: レコードが登録された日時。共通カラムの一つ。',
    REGISTER_USER VARCHAR(200) NOT NULL COMMENT '登録ユーザ: レコードを登録したユーザ。共通カラムの一つ。',
    UPDATE_DATETIME DATETIME NOT NULL COMMENT '更新日時: レコードが（最後に）更新された日時。共通カラムの一つ。',
    UPDATE_USER VARCHAR(200) NOT NULL COMMENT '更新ユーザ: レコードを更新したユーザ。',
    VERSION_NO BIGINT NOT NULL COMMENT 'バージョンNO: レコードのバージョンを示すNO。
更新回数と等しく、主に排他制御のために利用される。',
    PRIMARY KEY (MEMBER_ID),
    UNIQUE (MEMBER_ACCOUNT)
) COMMENT='会員: 会員登録時にデータが登録される。
基本的に物理削除はなく、退会したらステータスが退会会員になる。'
2024-12-03 17:12:43,574 [main] INFO  (DfCreateSchemaProcess$DfSqlFileRunnerExecuteCreateSchema#lazyConnectIfNeeds():496) - ...Connecting by main user lazily
2024-12-03 17:12:43,574 [main] INFO  (DfDataSourceHandler#prepare():78) - ...Preparing data source:
2024-12-03 17:12:43,574 [main] INFO  (DfDataSourceHandler#prepare():79) -   driver = com.mysql.jdbc.Driver
2024-12-03 17:12:43,574 [main] INFO  (DfDataSourceHandler#prepare():80) -   url    = jdbc:mysql://localhost:43376/maihamadb?allowPublicKeyRetrieval=true&sslMode=DISABLED
2024-12-03 17:12:43,575 [main] INFO  (DfDataSourceHandler#prepare():81) -   user   = maihamadb
2024-12-03 17:12:43,575 [main] INFO  (DfDataSourceHandler#createConnection():166) - ...Connecting to database by data source:
2024-12-03 17:12:43,589 [main] INFO  (DfDataSourceHandler#setupConnectionMetaInfo():233) -   product = MySQL 8.0.40
2024-12-03 17:12:43,589 [main] INFO  (DfDataSourceHandler#setupConnectionMetaInfo():234) -   driver  = MySQL Connector Java mysql-connector-java-5.1.49 ( Revision: ad86f36e100e104cd926c6b81c8cab9565750116 ) for JDBC 4.0
2024-12-03 17:12:43,596 [main] INFO  (DfSqlFileRunnerBase#traceSql():168) - 
create table MEMBER_ADDRESS(
    MEMBER_ADDRESS_ID INTEGER AUTO_INCREMENT NOT NULL COMMENT '会員住所ID: 会員住所を識別するID。
履歴分も含むテーブルなので、これ自体はFKではない。',
    MEMBER_ID INTEGER NOT NULL COMMENT '会員ID: 会員を参照するID。
履歴分を含むため、これだけではユニークにはならない。',
    VALID_BEGIN_DATE DATE NOT NULL COMMENT '有効開始日: 一つの有効期間の開始を示す日付。
前の有効終了日の次の日の値が格納される。',
    VALID_END_DATE DATE NOT NULL COMMENT '有効終了日: 有効期間の終了日。
次の有効開始日の一日前の値が格納される。
ただし、次の有効期間がない場合は 9999/12/31 となる。',
    ADDRESS VARCHAR(200) NOT NULL COMMENT '住所: まるごと住所',
    REGION_ID INTEGER NOT NULL COMMENT '地域ID: 地域を参照するID。
ここでは特に住所の内容と連動しているわけではない。',
    REGISTER_DATETIME DATETIME NOT NULL,
    REGISTER_USER VARCHAR(200) NOT NULL,
    UPDATE_DATETIME DATETIME NOT NULL,
    UPDATE_USER VARCHAR(200) NOT NULL,
    VERSION_NO BIGINT NOT NULL,
    PRIMARY KEY (MEMBER_ADDRESS_ID),
    UNIQUE (MEMBER_ID, VALID_BEGIN_DATE)
) COMMENT='会員住所情報: 会員の住所に関する情報。
同時に有効期間ごとに履歴管理されている。'
2024-12-03 17:12:43,602 [main] INFO  (DfSqlFileRunnerBase#traceSql():168) - 
create table MEMBER_LOGIN(
    MEMBER_LOGIN_ID BIGINT AUTO_INCREMENT NOT NULL COMMENT '会員ログインID',
    MEMBER_ID INTEGER NOT NULL COMMENT '会員ID',
    LOGIN_DATETIME DATETIME NOT NULL COMMENT 'ログイン日時: ログインした瞬間の日時。',
    MOBILE_LOGIN_FLG INTEGER NOT NULL COMMENT 'モバイルログインフラグ: モバイル機器からのログインか否か。',
    LOGIN_MEMBER_STATUS_CODE CHAR(3) NOT NULL COMMENT 'ログイン会員ステータスコード: ログイン時の会員ステータス',
    PRIMARY KEY (MEMBER_LOGIN_ID),
    UNIQUE (MEMBER_ID, LOGIN_DATETIME)
) COMMENT='会員ログイン情報: ログインするたびに登録されるログイン履歴。'
2024-12-03 17:12:43,607 [main] INFO  (DfSqlFileRunnerBase#traceSql():168) - 
create table MEMBER_SECURITY(
    MEMBER_ID INTEGER NOT NULL COMMENT '会員ID: そのまま one-to-one を構成するためのFKとなる。',
    LOGIN_PASSWORD VARCHAR(50) NOT NULL COMMENT 'ログインパスワード: ログイン時に利用するパスワード。
本当は良くないが、Exampleなのでひとまず暗号化していない。',
    REMINDER_QUESTION VARCHAR(50) NOT NULL COMMENT 'リマインダ質問: パスワードを忘れた際のリマインダ機能における質問の内容。',
    REMINDER_ANSWER VARCHAR(50) NOT NULL COMMENT 'リマインダ回答: パスワードを忘れた際のリマインダ機能における質問の答え。',
    REGISTER_DATETIME DATETIME NOT NULL,
    REGISTER_USER VARCHAR(200) NOT NULL,
    UPDATE_DATETIME DATETIME NOT NULL,
    UPDATE_USER VARCHAR(200) NOT NULL,
    VERSION_NO BIGINT NOT NULL,
    PRIMARY KEY (MEMBER_ID)
) COMMENT='会員セキュリティ情報: 会員とは one-to-one で、会員一人につき必ず一つのセキュリティ情報がある'
2024-12-03 17:12:43,611 [main] INFO  (DfSqlFileRunnerBase#traceSql():168) - 
create table MEMBER_SERVICE(
    MEMBER_ID INTEGER NOT NULL COMMENT '会員ID: 会員を参照するID。ユニークなので、会員とは one-to-one の関係に。',
    AKIRAKANI_OKASHII_KARAMU_MEI INTEGER NOT NULL COMMENT 'サービスポイント数: 会員が現在利用できるサービスポイントの数。
基本的に、購入時には増えてポイントを使ったら減る。',
    SERVICE_RANK_CODE CHAR(3) NOT NULL COMMENT 'サービスランクコード: サービスランクを参照するコード。
どんなランクがあるのかドキドキですね。',
    REGISTER_DATETIME DATETIME NOT NULL,
    REGISTER_USER VARCHAR(200) NOT NULL,
    UPDATE_DATETIME DATETIME NOT NULL,
    UPDATE_USER VARCHAR(200) NOT NULL,
    VERSION_NO BIGINT NOT NULL,
    PRIMARY KEY (MEMBER_ID)
) COMMENT='会員サービス: 会員のサービス情報（ポイントサービスなど）。'
2024-12-03 17:12:43,615 [main] INFO  (DfSqlFileRunnerBase#traceSql():168) - 
create table MEMBER_WITHDRAWAL(
    MEMBER_ID INTEGER NOT NULL,
    WITHDRAWAL_REASON_CODE CHAR(3) COMMENT '退会理由コード: 退会した定型理由を参照するコード。
何も言わずに退会する会員もいるので必須項目ではない。',
    WITHDRAWAL_REASON_INPUT_TEXT TEXT COMMENT '退会理由入力テキスト: 会員がフリーテキストで入力できる退会理由。
もう言いたいこと言ってもらう感じ。',
    WITHDRAWAL_DATETIME DATETIME NOT NULL COMMENT '退会日時: 退会した瞬間の日時。
正式会員日時と違い、こっちはone-to-oneの別テーブルで。',
    REGISTER_DATETIME DATETIME NOT NULL,
    REGISTER_USER VARCHAR(200) NOT NULL,
    UPDATE_DATETIME DATETIME NOT NULL,
    UPDATE_USER VARCHAR(200) NOT NULL,
    PRIMARY KEY (MEMBER_ID)
) COMMENT='会員退会情報: 退会会員の退会に関する詳細な情報。
退会会員のみデータが存在する。'
2024-12-03 17:12:43,620 [main] INFO  (DfSqlFileRunnerBase#traceSql():168) - 
create table PURCHASE(
    PURCHASE_ID BIGINT AUTO_INCREMENT NOT NULL COMMENT '購入ID: 連番',
    MEMBER_ID INTEGER NOT NULL COMMENT '会員ID: 会員を参照するID。
購入を識別する自然キー（複合ユニーク制約）の筆頭要素。',
    PRODUCT_ID INTEGER NOT NULL COMMENT '商品ID: 商品を参照するID。',
    PURCHASE_DATETIME DATETIME NOT NULL COMMENT '購入日時: 購入した瞬間の日時。',
    PURCHASE_COUNT INTEGER NOT NULL COMMENT '購入数量: 購入した商品の（一回の購入における）数量。',
    PURCHASE_PRICE INTEGER NOT NULL COMMENT '購入価格: 購入によって実際に会員が支払った（支払う予定の）価格。
基本は商品の定価に購入数量を掛けたものになるが、
ポイント利用や割引があったりと必ずしもそうはならない。',
    PAYMENT_COMPLETE_FLG INTEGER NOT NULL COMMENT '支払完了フラグ: この購入に関しての支払いが完了しているか否か。',
    REGISTER_DATETIME DATETIME NOT NULL,
    REGISTER_USER VARCHAR(200) NOT NULL,
    UPDATE_DATETIME DATETIME NOT NULL,
    UPDATE_USER VARCHAR(200) NOT NULL,
    VERSION_NO BIGINT NOT NULL,
    PRIMARY KEY (PURCHASE_ID),
    UNIQUE (MEMBER_ID, PRODUCT_ID, PURCHASE_DATETIME),
    KEY (MEMBER_ID),
    KEY (PRODUCT_ID)
) COMMENT='購入: 一つの商品に対する一回の購入を表現する。
一回の購入で一つの商品を複数個買うこともある。'
2024-12-03 17:12:43,625 [main] INFO  (DfSqlFileRunnerBase#traceSql():168) - 
create table PURCHASE_PAYMENT(
    PURCHASE_PAYMENT_ID BIGINT AUTO_INCREMENT NOT NULL COMMENT '購入支払ID: 連番',
    PURCHASE_ID BIGINT NOT NULL COMMENT '購入ID: 支払い対象の購入へのID',
    PAYMENT_AMOUNT DECIMAL(10,2) NOT NULL COMMENT '支払金額: 支払った金額。さて、小数点なのはなぜでしょう？',
    PAYMENT_DATETIME DATETIME NOT NULL COMMENT '支払日時: 支払ったときの日時',
    PAYMENT_METHOD_CODE CHAR(3) NOT NULL COMMENT '支払方法コード: 手渡しや銀行振込など',
    REGISTER_DATETIME DATETIME NOT NULL,
    REGISTER_USER VARCHAR(200) NOT NULL,
    UPDATE_DATETIME DATETIME NOT NULL,
    UPDATE_USER VARCHAR(200) NOT NULL,
    PRIMARY KEY (PURCHASE_PAYMENT_ID)
) COMMENT='購入支払: 購入に対する支払。
分割払いもできるのでmanyとなり、会員からの孫テーブルのテストができてうれしい。'
2024-12-03 17:12:43,630 [main] INFO  (DfSqlFileRunnerBase#traceSql():168) - 
create table PRODUCT(
    PRODUCT_ID INTEGER AUTO_INCREMENT NOT NULL,
    PRODUCT_NAME VARCHAR(50) NOT NULL COMMENT '商品名称',
    PRODUCT_HANDLE_CODE VARCHAR(100) NOT NULL COMMENT '商品ハンドルコード: 商品を識別する業務上のコード。',
    PRODUCT_CATEGORY_CODE CHAR(3) NOT NULL,
    PRODUCT_STATUS_CODE CHAR(3) NOT NULL,
    REGULAR_PRICE INTEGER COMMENT '定価',
    REGISTER_DATETIME DATETIME NOT NULL,
    REGISTER_USER VARCHAR(200) NOT NULL,
    UPDATE_DATETIME DATETIME NOT NULL,
    UPDATE_USER VARCHAR(200) NOT NULL,
    VERSION_NO BIGINT NOT NULL,
    PRIMARY KEY (PRODUCT_ID),
    UNIQUE (PRODUCT_HANDLE_CODE)
) COMMENT='商品'
2024-12-03 17:12:43,634 [main] INFO  (DfSqlFileRunnerBase#traceSql():168) - 
create table PRODUCT_CATEGORY(
    PRODUCT_CATEGORY_CODE CHAR(3) NOT NULL COMMENT '商品カテゴリコード',
    PRODUCT_CATEGORY_NAME VARCHAR(50) NOT NULL COMMENT '商品カテゴリ名称',
    PARENT_CATEGORY_CODE CHAR(3) COMMENT '親カテゴリコード: 最上位の場合はデータなし。',
    PRIMARY KEY (PRODUCT_CATEGORY_CODE)
) COMMENT='商品カテゴリ: 商品のカテゴリを表現するマスタ。
自己参照の階層になっている。'
2024-12-03 17:12:43,638 [main] INFO  (DfSqlFileRunnerBase#traceSql():168) - 
create table PRODUCT_STATUS(
    PRODUCT_STATUS_CODE CHAR(3) NOT NULL COMMENT '商品ステータスコード',
    PRODUCT_STATUS_NAME VARCHAR(50) NOT NULL COMMENT '商品ステータス名称',
    PRIMARY KEY (PRODUCT_STATUS_CODE)
) COMMENT='商品ステータス'
2024-12-03 17:12:43,641 [main] INFO  (DfSqlFileRunnerBase#traceSql():168) - 
create table REGION(
    REGION_ID INTEGER NOT NULL COMMENT '地域ID',
    REGION_NAME VARCHAR(50) NOT NULL COMMENT '地域名称',
    PRIMARY KEY (REGION_ID)
) COMMENT='地域: 主に会員の住所に対応する地域。
かなりざっくりした感じではある。'
2024-12-03 17:12:43,644 [main] INFO  (DfSqlFileRunnerBase#traceSql():168) - 
create table SERVICE_RANK(
    SERVICE_RANK_CODE CHAR(3) NOT NULL COMMENT 'サービスランクコード: サービスランクを識別するコード。',
    SERVICE_RANK_NAME VARCHAR(50) NOT NULL COMMENT 'サービスランク名称: サービスランクの名称。
（ゴールドとかプラチナとか基本的には威厳のある名前）',
    SERVICE_POINT_INCIDENCE NUMERIC(5, 3) NOT NULL COMMENT 'サービスポイント発生率: 購入ごとのサービスポイントの発生率。
購入価格にこの値をかけた数が発生ポイント。',
    NEW_ACCEPTABLE_FLG INTEGER NOT NULL COMMENT '新規受け入れ可能フラグ: このランクへの新規受け入れができるかどうか。',
    DESCRIPTION VARCHAR(200) NOT NULL,
    DISPLAY_ORDER INTEGER NOT NULL,
    PRIMARY KEY (SERVICE_RANK_CODE),
    UNIQUE (DISPLAY_ORDER)
) COMMENT='サービスランク: 会員のサービスレベルを表現するランク。
（ゴールドとかプラチナとか）'
2024-12-03 17:12:43,648 [main] INFO  (DfSqlFileRunnerBase#traceSql():168) - 
create table MEMBER_STATUS(
    MEMBER_STATUS_CODE CHAR(3) NOT NULL COMMENT '会員ステータスコード: 会員ステータスを識別するコード。',
    MEMBER_STATUS_NAME VARCHAR(50) NOT NULL COMMENT '会員ステータス名称',
    DESCRIPTION VARCHAR(200) NOT NULL COMMENT '説明: 会員ステータスそれぞれの説明。
気の利いた説明があるとディベロッパーがとても助かる。',
    DISPLAY_ORDER INTEGER NOT NULL COMMENT '表示順: UI上のステータスの表示順を示すNO。
並べるときは、このカラムに対して昇順のソート条件にする。',
    PRIMARY KEY (MEMBER_STATUS_CODE),
    UNIQUE (DISPLAY_ORDER)
) COMMENT='会員ステータス'
2024-12-03 17:12:43,652 [main] INFO  (DfSqlFileRunnerBase#traceSql():168) - 
create table WITHDRAWAL_REASON(
    WITHDRAWAL_REASON_CODE CHAR(3) NOT NULL COMMENT '退会理由コード',
    WITHDRAWAL_REASON_TEXT TEXT NOT NULL COMMENT '退会理由テキスト: 退会理由の内容。テキスト形式なので目いっぱい書けるが、
そうするとUI側できれいに見せるのが大変でしょうね。',
    DISPLAY_ORDER INTEGER NOT NULL COMMENT '表示順',
    PRIMARY KEY (WITHDRAWAL_REASON_CODE),
    UNIQUE (DISPLAY_ORDER)
) COMMENT='退会理由: 会員に選ばせる定型的な退会理由のマスタ。'
2024-12-03 17:12:43,655 [main] INFO  (DfSqlFileRunnerBase#traceSql():168) - 
alter table `MEMBER` add constraint FK_MEMBER_MEMBER_STATUS 
    foreign key (MEMBER_STATUS_CODE) references MEMBER_STATUS (MEMBER_STATUS_CODE)
2024-12-03 17:12:43,666 [main] INFO  (DfSqlFileRunnerBase#traceSql():168) - 
alter table MEMBER_ADDRESS add constraint FK_MEMBER_ADDRESS_MEMBER 
    foreign key (MEMBER_ID) references `MEMBER` (MEMBER_ID)
2024-12-03 17:12:43,676 [main] INFO  (DfSqlFileRunnerBase#traceSql():168) - 
alter table MEMBER_ADDRESS add constraint FK_MEMBER_ADDRESS_REGION 
    foreign key (REGION_ID) references REGION (REGION_ID)
2024-12-03 17:12:43,687 [main] INFO  (DfSqlFileRunnerBase#traceSql():168) - 
alter table MEMBER_LOGIN add constraint FK_MEMBER_LOGIN_MEMBER_STATUS 
    foreign key (LOGIN_MEMBER_STATUS_CODE) references MEMBER_STATUS (MEMBER_STATUS_CODE)
2024-12-03 17:12:43,696 [main] INFO  (DfSqlFileRunnerBase#traceSql():168) - 
alter table MEMBER_LOGIN add constraint FK_MEMBER_LOGIN_MEMBER 
    foreign key (MEMBER_ID) references `MEMBER` (MEMBER_ID)
2024-12-03 17:12:43,706 [main] INFO  (DfSqlFileRunnerBase#traceSql():168) - 
alter table MEMBER_SERVICE add constraint FK_MEMBER_SERVICE_MEMBER 
    foreign key (MEMBER_ID) references `MEMBER` (MEMBER_ID)
2024-12-03 17:12:43,715 [main] INFO  (DfSqlFileRunnerBase#traceSql():168) - 
alter table MEMBER_SERVICE add constraint FK_MEMBER_SERVICE_SERVICE_RANK_CODE 
    foreign key (SERVICE_RANK_CODE) references SERVICE_RANK (SERVICE_RANK_CODE)
2024-12-03 17:12:43,725 [main] INFO  (DfSqlFileRunnerBase#traceSql():168) - 
alter table MEMBER_SECURITY add constraint FK_MEMBER_SECURITY_MEMBER 
    foreign key (MEMBER_ID) references `MEMBER` (MEMBER_ID)
2024-12-03 17:12:43,733 [main] INFO  (DfSqlFileRunnerBase#traceSql():168) - 
alter table MEMBER_WITHDRAWAL add constraint FK_MEMBER_WITHDRAWAL_MEMBER 
    foreign key (MEMBER_ID) references `MEMBER` (MEMBER_ID)
2024-12-03 17:12:43,743 [main] INFO  (DfSqlFileRunnerBase#traceSql():168) - 
alter table MEMBER_WITHDRAWAL add constraint FK_MEMBER_WITHDRAWAL_WITHDRAWAL_REASON 
    foreign key (WITHDRAWAL_REASON_CODE) references WITHDRAWAL_REASON (WITHDRAWAL_REASON_CODE)
2024-12-03 17:12:43,753 [main] INFO  (DfSqlFileRunnerBase#traceSql():168) - 
alter table PURCHASE add constraint FK_PURCHASE_MEMBER 
    foreign key (MEMBER_ID) references `MEMBER` (MEMBER_ID)
2024-12-03 17:12:43,763 [main] INFO  (DfSqlFileRunnerBase#traceSql():168) - 
alter table PURCHASE add constraint FK_PURCHASE_PRODUCT 
    foreign key (PRODUCT_ID) references PRODUCT (PRODUCT_ID)
2024-12-03 17:12:43,774 [main] INFO  (DfSqlFileRunnerBase#traceSql():168) - 
alter table PURCHASE_PAYMENT add constraint FK_PURCHASE_PAYMENT_PURCHASE 
    foreign key (PURCHASE_ID) references PURCHASE (PURCHASE_ID)
2024-12-03 17:12:43,783 [main] INFO  (DfSqlFileRunnerBase#traceSql():168) - 
alter table PRODUCT add constraint FK_PRODUCT_PRODUCT_CATEGORY 
    foreign key (PRODUCT_CATEGORY_CODE) references PRODUCT_CATEGORY (PRODUCT_CATEGORY_CODE)
2024-12-03 17:12:43,799 [main] INFO  (DfSqlFileRunnerBase#traceSql():168) - 
alter table PRODUCT add constraint FK_PRODUCT_PRODUCT_STATUS 
    foreign key (PRODUCT_STATUS_CODE) references PRODUCT_STATUS (PRODUCT_STATUS_CODE)
2024-12-03 17:12:43,811 [main] INFO  (DfSqlFileRunnerBase#traceSql():168) - 
alter table PRODUCT_CATEGORY add constraint FK_PRODUCT_CATEGORY_PARENT 
    foreign key (PARENT_CATEGORY_CODE) references PRODUCT_CATEGORY (PRODUCT_CATEGORY_CODE)
2024-12-03 17:12:43,820 [main] INFO  (DfSqlFileRunnerBase#traceSql():168) - create index IX_MEMBER_MEMBER_NAME on `MEMBER`(MEMBER_NAME)
2024-12-03 17:12:43,832 [main] INFO  (DfSqlFileRunnerBase#traceSql():168) - create index IX_MEMBER_FORMALIZED_DATETIME on `MEMBER`(FORMALIZED_DATETIME)
2024-12-03 17:12:43,844 [main] INFO  (DfSqlFileRunnerBase#traceSql():168) - create index IX_MEMBER_LOGIN_DATETIME on MEMBER_LOGIN(LOGIN_DATETIME)
2024-12-03 17:12:43,848 [main] INFO  (DfSqlFileRunnerBase#traceSql():168) - create index IX_MEMBER_SERVICE_POINT_COUNT on MEMBER_SERVICE(AKIRAKANI_OKASHII_KARAMU_MEI)
2024-12-03 17:12:43,852 [main] INFO  (DfSqlFileRunnerBase#traceSql():168) - create index IX_PURCHASE_PRODUCT_DATETIME on PURCHASE(PRODUCT_ID, PURCHASE_DATETIME)
2024-12-03 17:12:43,859 [main] INFO  (DfSqlFileRunnerBase#traceSql():168) - create index IX_PURCHASE_DATETIME_MEMBER on PURCHASE(PURCHASE_DATETIME, MEMBER_ID)
2024-12-03 17:12:43,865 [main] INFO  (DfSqlFileRunnerBase#traceSql():168) - create index IX_PURCHASE_PRICE on PURCHASE(PURCHASE_PRICE)
2024-12-03 17:12:43,872 [main] INFO  (DfSqlFileRunnerBase#traceSql():168) - create index IX_PURCHASE_PAYMENT_DATETIME on PURCHASE_PAYMENT(PAYMENT_DATETIME, PAYMENT_AMOUNT)
2024-12-03 17:12:43,877 [main] INFO  (DfSqlFileRunnerBase#traceSql():168) - create index IX_PRODUCT_PRODUCT_NAME on PRODUCT(PRODUCT_NAME)
2024-12-03 17:12:43,884 [main] INFO  (DfSqlFileRunnerBase#traceResult():172) -  -> success=40 failure=0
2024-12-03 17:12:43,884 [main] INFO  (DfSqlFileFireMan#fire():68) - ...Firing: replace-schema.sql
2024-12-03 17:12:43,885 [main] INFO  (DfSqlFileRunnerBase#traceResult():172) -  -> success=0 failure=0
2024-12-03 17:12:43,885 [main] INFO  (DfSqlFileFireMan#fire():93) - Create Schema: success=44, failure=0 (in 3 files)
2024-12-03 17:12:43,885 [main] INFO  (DfCreateSchemaProcess#destroyChangeUserConnection():594) - ...Closing connections to change-users: [system]
2024-12-03 17:12:43,899 [main] INFO  (DfLoadDataProcess#execute():133) - 
2024-12-03 17:12:43,899 [main] INFO  (DfLoadDataProcess#execute():134) - * * * * * * * * * * *
2024-12-03 17:12:43,899 [main] INFO  (DfLoadDataProcess#execute():135) - *                   *
2024-12-03 17:12:43,899 [main] INFO  (DfLoadDataProcess#execute():136) - * Load Data         *
2024-12-03 17:12:43,899 [main] INFO  (DfLoadDataProcess#execute():137) - *                   *
2024-12-03 17:12:43,899 [main] INFO  (DfLoadDataProcess#execute():138) - * * * * * * * * * * *
2024-12-03 17:12:43,906 [main] INFO  (DfTakeFinallyProcess#takeFinally():244) - 
2024-12-03 17:12:43,906 [main] INFO  (DfTakeFinallyProcess#takeFinally():245) - * * * * * * * **
2024-12-03 17:12:43,906 [main] INFO  (DfTakeFinallyProcess#takeFinally():246) - *              *
2024-12-03 17:12:43,907 [main] INFO  (DfTakeFinallyProcess#takeFinally():247) - * Take Finally *
2024-12-03 17:12:43,907 [main] INFO  (DfTakeFinallyProcess#takeFinally():248) - *              *
2024-12-03 17:12:43,907 [main] INFO  (DfTakeFinallyProcess#takeFinally():249) - * * * * * * * **
2024-12-03 17:12:43,908 [main] INFO  (DfSqlFileFireMan#fire():68) - ...Firing: take-finally.sql
2024-12-03 17:12:43,909 [main] INFO  (DfSqlFileRunnerBase#traceResult():172) -  -> success=0 failure=0
2024-12-03 17:12:43,909 [main] INFO  (DfSqlFileFireMan#fire():93) - Take Finally: success=0, failure=0 (in 1 files)
2024-12-03 17:12:43,910 [main] INFO  (DfDataSourceHandler#destroy():120) - ...closeReally()
2024-12-03 17:12:43,914 [main] INFO  (DfDBFluteTaskUtil#logFinalMessage():139) - 
_/_/_/_/_/_/_/_/_/_/_/_/_/_/_/_/_/_/_/_/_/_/
[Final Message]: 00m03s027ms

  DBFLUTE_CLIENT: {maihamadb}
    database  = mysql (MySQL 8.0.40)
    language  = java
    container = lasta_di
    package   = org.docksidestage.handson.dbflute

  DBFLUTE_ENVIRONMENT_TYPE: {}
    driver = com.mysql.jdbc.Driver
    url    = jdbc:mysql://localhost:43376/maihamadb?allowPublicKeyRetrieval=true&sslMode=DISABLED
    schema = {maihamadb.$$NoNameSchema$$ as main}
    user   = maihamadb
    props  = {password=, user=root}
    additionalSchema = 
    repsEnvType      = ut
    refreshProject   = $$AutoDetect$$

 Create Schema: success=44, failure=0 (in 3 files) - 00m00s357ms
  (Create Schema) - 00m00s355ms
  o replace-schema-00-system.sql
  o replace-schema-10-basic.sql
  o replace-schema.sql

 Load Data: *empty loading - 00m00s006ms
  - (no data file)

 Take Finally: success=0, failure=0 (in 1 files) - 00m00s004ms
  o take-finally.sql
_/_/_/_/_/_/_/_/_/_/ {ReplaceSchema}
2024-12-03 17:20:08,462 [main] INFO  (TorqueJDBCTransformTask#begin():104) - +------------------------------------------+
2024-12-03 17:20:08,463 [main] INFO  (TorqueJDBCTransformTask#begin():105) - |                                          |
2024-12-03 17:20:08,463 [main] INFO  (TorqueJDBCTransformTask#begin():106) - |                   JDBC                   |
2024-12-03 17:20:08,463 [main] INFO  (TorqueJDBCTransformTask#begin():107) - |                                          |
2024-12-03 17:20:08,463 [main] INFO  (TorqueJDBCTransformTask#begin():108) - +------------------------------------------+
2024-12-03 17:20:08,472 [main] INFO  (DfDataSourceHandler#prepare():78) - ...Preparing data source:
2024-12-03 17:20:08,472 [main] INFO  (DfDataSourceHandler#prepare():79) -   driver = com.mysql.jdbc.Driver
2024-12-03 17:20:08,472 [main] INFO  (DfDataSourceHandler#prepare():80) -   url    = jdbc:mysql://localhost:43376/maihamadb?allowPublicKeyRetrieval=true&sslMode=DISABLED
2024-12-03 17:20:08,472 [main] INFO  (DfDataSourceHandler#prepare():81) -   user   = maihamadb
2024-12-03 17:20:08,485 [main] INFO  (DfSchemaXmlSerializer#serialize():305) - 
2024-12-03 17:20:08,485 [main] INFO  (DfSchemaXmlSerializer#serialize():306) - ...Starting to process JDBC to SchemaXML
2024-12-03 17:20:08,486 [main] INFO  (DfSchemaXmlSerializer#doLoadPreviousSchema():1559) - ...Loading previous schema (schema diff process)
2024-12-03 17:20:08,489 [main] INFO  (DfSchemaXmlSerializer#doLoadPreviousSchema():1562) -  -> no previous (first time)
2024-12-03 17:20:08,494 [main] INFO  (DfSchemaXmlSerializer#generateXML():379) - ...Getting DB connection
2024-12-03 17:20:08,498 [main] INFO  (DfDataSourceHandler#createConnection():166) - ...Connecting to database by data source:
2024-12-03 17:20:08,724 [main] INFO  (DfDataSourceHandler#setupConnectionMetaInfo():233) -   product = MySQL 8.0.40
2024-12-03 17:20:08,724 [main] INFO  (DfDataSourceHandler#setupConnectionMetaInfo():234) -   driver  = MySQL Connector Java mysql-connector-java-5.1.49 ( Revision: ad86f36e100e104cd926c6b81c8cab9565750116 ) for JDBC 4.0
2024-12-03 17:20:08,725 [main] INFO  (DfSchemaXmlSerializer#generateXML():382) - ...Getting DB meta data
2024-12-03 17:20:08,726 [main] INFO  (DfTableExtractor#doGetTableList():66) - ...Getting tables:
2024-12-03 17:20:08,726 [main] INFO  (DfTableExtractor#doGetTableList():67) -   schema = {maihamadb.$$NoNameSchema$$ as main}
2024-12-03 17:20:08,727 [main] INFO  (DfTableExtractor#doGetTableList():68) -   types  = [TABLE, VIEW]
2024-12-03 17:20:08,732 [main] INFO  (DfDbCommentExtractorBase#doSelectUserTabComments():121) - select table_type as OBJECT_TYPE, table_name as TABLE_NAME, table_comment as COMMENTS from information_schema.tables where table_schema = 'maihamadb' order by table_name asc
2024-12-03 17:20:08,735 [main] INFO  (DfDbCommentExtractorBase#doSelectUserColComments():168) - select table_name as TABLE_NAME, column_name as COLUMN_NAME, column_comment as COMMENTS from information_schema.columns where table_schema = 'maihamadb' order by table_name asc, column_name asc
2024-12-03 17:20:08,740 [main] INFO  (DfDatetimePrecisionExtractorMySQL#extractDatetimePrecisionMap():59) - select TABLE_NAME, COLUMN_NAME, DATETIME_PRECISION from INFORMATION_SCHEMA.COLUMNS where TABLE_SCHEMA = 'maihamadb' and DATA_TYPE = 'datetime'
2024-12-03 17:20:08,747 [main] INFO  (DfSchemaXmlSerializer#processTable():438) - 
2024-12-03 17:20:08,747 [main] INFO  (DfSchemaXmlSerializer#processTable():439) - $ /= = = = = = = = = = = = = = = = = = = = = = = = = =
2024-12-03 17:20:08,747 [main] INFO  (DfSchemaXmlSerializer#processTable():440) - $ [Table List]
2024-12-03 17:20:08,747 [main] INFO  (DfSchemaXmlSerializer#doProcessTable():520) - $ maihamadb.member(TABLE) // 会員: 会員登録時にデータが登録される。...
2024-12-03 17:20:08,766 [main] INFO  (DfSchemaXmlSerializer#doProcessTable():520) - $ maihamadb.member_address(TABLE) // 会員住所情報: 会員の住所に関する情報。...
2024-12-03 17:20:08,774 [main] INFO  (DfSchemaXmlSerializer#doProcessTable():520) - $ maihamadb.member_login(TABLE) // 会員ログイン情報: ログインするたびに登録されるログイン履歴。
2024-12-03 17:20:08,781 [main] INFO  (DfSchemaXmlSerializer#doProcessTable():520) - $ maihamadb.member_security(TABLE) // 会員セキュリティ情報: 会員とは one-to-one で、会員一人につき必ず一つのセキュリティ情報がある
2024-12-03 17:20:08,787 [main] INFO  (DfSchemaXmlSerializer#doProcessTable():520) - $ maihamadb.member_service(TABLE) // 会員サービス: 会員のサービス情報（ポイントサービスなど）。
2024-12-03 17:20:08,793 [main] INFO  (DfSchemaXmlSerializer#doProcessTable():520) - $ maihamadb.member_status(TABLE) // 会員ステータス
2024-12-03 17:20:08,800 [main] INFO  (DfSchemaXmlSerializer#doProcessTable():520) - $ maihamadb.member_withdrawal(TABLE) // 会員退会情報: 退会会員の退会に関する詳細な情報。...
2024-12-03 17:20:08,806 [main] INFO  (DfSchemaXmlSerializer#doProcessTable():520) - $ maihamadb.product(TABLE) // 商品
2024-12-03 17:20:08,813 [main] INFO  (DfSchemaXmlSerializer#doProcessTable():520) - $ maihamadb.product_category(TABLE) // 商品カテゴリ: 商品のカテゴリを表現するマスタ。...
2024-12-03 17:20:08,818 [main] INFO  (DfSchemaXmlSerializer#doProcessTable():520) - $ maihamadb.product_status(TABLE) // 商品ステータス
2024-12-03 17:20:08,823 [main] INFO  (DfSchemaXmlSerializer#doProcessTable():520) - $ maihamadb.purchase(TABLE) // 購入: 一つの商品に対する一回の購入を表現する。...
2024-12-03 17:20:08,831 [main] INFO  (DfSchemaXmlSerializer#doProcessTable():520) - $ maihamadb.purchase_payment(TABLE) // 購入支払: 購入に対する支払。...
2024-12-03 17:20:08,837 [main] INFO  (DfSchemaXmlSerializer#doProcessTable():520) - $ maihamadb.region(TABLE) // 地域: 主に会員の住所に対応する地域。...
2024-12-03 17:20:08,842 [main] INFO  (DfSchemaXmlSerializer#doProcessTable():520) - $ maihamadb.service_rank(TABLE) // サービスランク: 会員のサービスレベルを表現するランク。...
2024-12-03 17:20:08,847 [main] INFO  (DfSchemaXmlSerializer#doProcessTable():520) - $ maihamadb.withdrawal_reason(TABLE) // 退会理由: 会員に選ばせる定型的な退会理由のマスタ。
2024-12-03 17:20:08,852 [main] INFO  (DfSchemaXmlSerializer#processTable():452) - $ 
2024-12-03 17:20:08,852 [main] INFO  (DfSchemaXmlSerializer#processTable():453) - $ [Table Count]
2024-12-03 17:20:08,852 [main] INFO  (DfSchemaXmlSerializer#processTable():454) - $ 15
2024-12-03 17:20:08,852 [main] INFO  (DfSchemaXmlSerializer#processTable():455) - $ = = = = = = = = = =/
2024-12-03 17:20:08,852 [main] INFO  (DfSchemaXmlSerializer#processTable():456) - 
2024-12-03 17:20:08,853 [main] INFO  (DfSchemaXmlSerializer#processSequence():823) - ...Getting sequences
2024-12-03 17:20:08,854 [main] INFO  (DfSchemaXmlSerializer#serialize():320) - ...Serializing XML:
2024-12-03 17:20:08,854 [main] INFO  (DfSchemaXmlSerializer#serialize():321) -   filePath = ./schema/project-schema-maihamadb.xml
2024-12-03 17:20:08,854 [main] INFO  (DfSchemaXmlSerializer#serialize():322) -   encoding = UTF-8
2024-12-03 17:20:08,863 [main] INFO  (DfSchemaXmlSerializer#doLoadNextSchema():1570) - ...Loading next schema (schema diff process)
2024-12-03 17:20:08,867 [main] INFO  (DTDResolver#resolveEntity():195) - ...Resolving XML by database.dtd in same package
2024-12-03 17:20:08,922 [main] INFO  (DfSchemaXmlSerializer#doLoadNextSchema():1575) -  -> different from previous (schema diff)
2024-12-03 17:20:08,922 [main] INFO  (DfSchemaXmlSerializer#doLoadNextSchema():1577) - ...Serializing schema-diff:
2024-12-03 17:20:08,922 [main] INFO  (DfSchemaXmlSerializer#doLoadNextSchema():1578) -   filePath = ./schema/project-history-maihamadb.diffmap
2024-12-03 17:20:08,927 [main] INFO  (DfDataSourceHandler#destroy():120) - ...closeReally()
2024-12-03 17:20:08,931 [main] INFO  (DfDBFluteTaskUtil#logFinalMessage():139) - 
_/_/_/_/_/_/_/_/_/_/_/_/_/_/_/_/_/_/_/_/_/_/
[Final Message]: 00m00s473ms

  DBFLUTE_CLIENT: {maihamadb}
    database  = mysql (MySQL 8.0.40)
    language  = java
    container = lasta_di
    package   = org.docksidestage.handson.dbflute

  DBFLUTE_ENVIRONMENT_TYPE: {}
    driver = com.mysql.jdbc.Driver
    url    = jdbc:mysql://localhost:43376/maihamadb?allowPublicKeyRetrieval=true&sslMode=DISABLED
    schema = {maihamadb.$$NoNameSchema$$ as main}
    user   = maihamadb
    props  = {}
    additionalSchema = 
    repsEnvType      = ut
    refreshProject   = $$AutoDetect$$
_/_/_/_/_/_/_/_/_/_/ {JDBC}
2024-12-03 17:21:23,346 [main] INFO  (TorqueDocumentationTask#begin():193) - +------------------------------------------+
2024-12-03 17:21:23,347 [main] INFO  (TorqueDocumentationTask#begin():194) - |                                          |
2024-12-03 17:21:23,347 [main] INFO  (TorqueDocumentationTask#begin():195) - |                   Doc                    |
2024-12-03 17:21:23,347 [main] INFO  (TorqueDocumentationTask#begin():203) - |                                          |
2024-12-03 17:21:23,347 [main] INFO  (TorqueDocumentationTask#begin():204) - +------------------------------------------+
2024-12-03 17:21:23,355 [main] INFO  (DfDataSourceHandler#prepare():78) - ...Preparing data source:
2024-12-03 17:21:23,355 [main] INFO  (DfDataSourceHandler#prepare():79) -   driver = com.mysql.jdbc.Driver
2024-12-03 17:21:23,355 [main] INFO  (DfDataSourceHandler#prepare():80) -   url    = jdbc:mysql://localhost:43376/maihamadb?allowPublicKeyRetrieval=true&sslMode=DISABLED
2024-12-03 17:21:23,356 [main] INFO  (DfDataSourceHandler#prepare():81) -   user   = maihamadb
2024-12-03 17:21:23,356 [main] INFO  (TorqueDocumentationTask#processSchemaHtml():265) - 
2024-12-03 17:21:23,356 [main] INFO  (TorqueDocumentationTask#processSchemaHtml():266) - * * * * * * * * * * *
2024-12-03 17:21:23,356 [main] INFO  (TorqueDocumentationTask#processSchemaHtml():267) - *                   *
2024-12-03 17:21:23,356 [main] INFO  (TorqueDocumentationTask#processSchemaHtml():268) - *    Schema HTML    *
2024-12-03 17:21:23,356 [main] INFO  (TorqueDocumentationTask#processSchemaHtml():269) - *                   *
2024-12-03 17:21:23,356 [main] INFO  (TorqueDocumentationTask#processSchemaHtml():270) - * * * * * * * * * * *
2024-12-03 17:21:23,372 [main] INFO  (DTDResolver#resolveEntity():195) - ...Resolving XML by database.dtd in same package
2024-12-03 17:21:23,402 [main] INFO  (DfAdditionalPrimaryKeyInitializer#initializeAdditionalPrimaryKey():62) - /=======================================
2024-12-03 17:21:23,402 [main] INFO  (DfAdditionalPrimaryKeyInitializer#initializeAdditionalPrimaryKey():63) - ...Initializing additional primary keys.
2024-12-03 17:21:23,402 [main] INFO  (DfAdditionalPrimaryKeyInitializer#initializeAdditionalPrimaryKey():88) - ==========/
2024-12-03 17:21:23,403 [main] INFO  (DfAdditionalUniqueKeyInitializer#initializeAdditionalUniqueKey():62) - /=======================================
2024-12-03 17:21:23,403 [main] INFO  (DfAdditionalUniqueKeyInitializer#initializeAdditionalUniqueKey():63) - ...Initializing additional unique keys.
2024-12-03 17:21:23,403 [main] INFO  (DfAdditionalUniqueKeyInitializer#initializeAdditionalUniqueKey():83) - ==========/
2024-12-03 17:21:23,404 [main] INFO  (DfAdditionalForeignKeyInitializer#initializeAdditionalForeignKey():68) - /=======================================
2024-12-03 17:21:23,404 [main] INFO  (DfAdditionalForeignKeyInitializer#initializeAdditionalForeignKey():69) - ...Initializing additional foreign keys.
2024-12-03 17:21:23,404 [main] INFO  (DfAdditionalForeignKeyInitializer#initializeAdditionalForeignKey():88) - ==========/
2024-12-03 17:21:23,409 [main] INFO  (DfClsDeploymentInitializer#initializeClassificationDeployment():67) - ...Initializing ClassificationDeployment: project=maihamadb
2024-12-03 17:21:23,427 [main] INFO  (DfAbstractTexenTask#fireVelocityProcess():253) - generator.parse("doc/ControlDocument.vm", ctx);
2024-12-03 17:21:23,430 [main] INFO  (DfFlutistLog4JLogSystem#init():45) - ...Suppressing velocity.log, which is unneeded for also debug
2024-12-03 17:21:23,469 [main] INFO  (Database#doEnableDocumentOutputDirectory():1241) - ...Setting up documentOutputDirectory: ./output/doc
2024-12-03 17:21:23,471 [main] INFO  (DfDocumentSelector#doLoadSchemaHistory():242) - ...Loading schema history
2024-12-03 17:21:23,479 [main] INFO  (DfDocumentSelector#doLoadSchemaHistory():246) -  -> found history: count=1
2024-12-03 17:21:23,496 [main] INFO  (DfSchemaHtmlDataArrangeQuery#getArrangeQueryTableMap():50) -  
2024-12-03 17:21:23,496 [main] INFO  (DfSchemaHtmlDataArrangeQuery#getArrangeQueryTableMap():51) - ...Setting up arrange queries for documents (ArrangeQueryDoc)
2024-12-03 17:21:23,503 [main] INFO  (DfArrangeQueryDocSetupper#doExtractArrangeQuery():106) -  -> no arrange query
2024-12-03 17:21:23,601 [main] INFO  (DfRefreshMan#resolveProjectAutoDetect():105) - *Cannot auto-detect your refresh Eclipse proejct.
2024-12-03 17:21:23,601 [main] INFO  (DfRefreshResourceProcess#show():295) - /===========================================================================
2024-12-03 17:21:23,601 [main] INFO  (DfRefreshResourceProcess#show():295) - ...Refreshing [$$AutoDetect$$] by http://localhost:8386/
2024-12-03 17:21:23,615 [main] INFO  (DfRefreshResourceProcess#show():295) - ...Retrying refreshing by default secondary URL http://localhost:8387/
2024-12-03 17:21:23,616 [main] INFO  (DfRefreshResourceProcess#show():295) - Failed to refresh the resources (continued): url=http://localhost:8386/, cause=ConnectException(Connection refused)
2024-12-03 17:21:23,616 [main] INFO  (DfRefreshResourceProcess#show():295) - ==========/
2024-12-03 17:21:23,617 [main] INFO  (DfDBFluteTaskUtil#logFinalMessage():139) - 
_/_/_/_/_/_/_/_/_/_/_/_/_/_/_/_/_/_/_/_/_/_/
[Final Message]: 00m00s274ms

  DBFLUTE_CLIENT: {maihamadb}
    database  = mysql
    language  = java
    container = lasta_di
    package   = org.docksidestage.handson.dbflute

  DBFLUTE_ENVIRONMENT_TYPE: {}
    driver = com.mysql.jdbc.Driver
    url    = jdbc:mysql://localhost:43376/maihamadb?allowPublicKeyRetrieval=true&sslMode=DISABLED
    schema = {maihamadb.$$NoNameSchema$$ as main}
    user   = maihamadb
    props  = {}
    additionalSchema = 
    repsEnvType      = ut
    refreshProject   = $$AutoDetect$$
_/_/_/_/_/_/_/_/_/_/ {Doc}
2024-12-03 17:22:25,098 [main] INFO  (TorqueDataModelTask#begin():110) - +------------------------------------------+
2024-12-03 17:22:25,098 [main] INFO  (TorqueDataModelTask#begin():111) - |                                          |
2024-12-03 17:22:25,098 [main] INFO  (TorqueDataModelTask#begin():112) - |                 Generate                 |
2024-12-03 17:22:25,099 [main] INFO  (TorqueDataModelTask#begin():113) - |                                          |
2024-12-03 17:22:25,099 [main] INFO  (TorqueDataModelTask#begin():114) - +------------------------------------------+
2024-12-03 17:22:25,106 [main] INFO  (DfDataSourceHandler#prepare():78) - ...Preparing data source:
2024-12-03 17:22:25,106 [main] INFO  (DfDataSourceHandler#prepare():79) -   driver = com.mysql.jdbc.Driver
2024-12-03 17:22:25,106 [main] INFO  (DfDataSourceHandler#prepare():80) -   url    = jdbc:mysql://localhost:43376/maihamadb?allowPublicKeyRetrieval=true&sslMode=DISABLED
2024-12-03 17:22:25,107 [main] INFO  (DfDataSourceHandler#prepare():81) -   user   = maihamadb
2024-12-03 17:22:25,112 [main] INFO  (TorqueDataModelTask#setupControlTemplate():166) - 
2024-12-03 17:22:25,112 [main] INFO  (TorqueDataModelTask#setupControlTemplate():167) - ...Using Java control: om/ControlGenerateJava.vm
2024-12-03 17:22:25,124 [main] INFO  (DTDResolver#resolveEntity():195) - ...Resolving XML by database.dtd in same package
2024-12-03 17:22:25,156 [main] INFO  (DfAbstractTexenTask#fireVelocityProcess():253) - generator.parse("om/ControlGenerateJava.vm", ctx);
2024-12-03 17:22:25,160 [main] INFO  (DfFlutistLog4JLogSystem#init():45) - ...Suppressing velocity.log, which is unneeded for also debug
2024-12-03 17:22:25,217 [main] INFO  (Database#doEnableGenerateOutputDirectory():1209) - ...Setting up generateOutputDirectory: ../src/main/java
2024-12-03 17:22:25,218 [main] INFO  (DfAdditionalPrimaryKeyInitializer#initializeAdditionalPrimaryKey():62) - /=======================================
2024-12-03 17:22:25,218 [main] INFO  (DfAdditionalPrimaryKeyInitializer#initializeAdditionalPrimaryKey():63) - ...Initializing additional primary keys.
2024-12-03 17:22:25,218 [main] INFO  (DfAdditionalPrimaryKeyInitializer#initializeAdditionalPrimaryKey():88) - ==========/
2024-12-03 17:22:25,219 [main] INFO  (DfAdditionalUniqueKeyInitializer#initializeAdditionalUniqueKey():62) - /=======================================
2024-12-03 17:22:25,219 [main] INFO  (DfAdditionalUniqueKeyInitializer#initializeAdditionalUniqueKey():63) - ...Initializing additional unique keys.
2024-12-03 17:22:25,219 [main] INFO  (DfAdditionalUniqueKeyInitializer#initializeAdditionalUniqueKey():83) - ==========/
2024-12-03 17:22:25,219 [main] INFO  (DfAdditionalForeignKeyInitializer#initializeAdditionalForeignKey():68) - /=======================================
2024-12-03 17:22:25,220 [main] INFO  (DfAdditionalForeignKeyInitializer#initializeAdditionalForeignKey():69) - ...Initializing additional foreign keys.
2024-12-03 17:22:25,220 [main] INFO  (DfAdditionalForeignKeyInitializer#initializeAdditionalForeignKey():88) - ==========/
2024-12-03 17:22:25,225 [main] INFO  (DfClsDeploymentInitializer#initializeClassificationDeployment():67) - ...Initializing ClassificationDeployment: project=maihamadb
2024-12-03 17:22:25,227 [main] INFO  (DfIncludeQueryInitializer#initializeIncludeQuery():58) - /=============================
2024-12-03 17:22:25,227 [main] INFO  (DfIncludeQueryInitializer#initializeIncludeQuery():59) - ...Initializing include query.
2024-12-03 17:22:25,227 [main] INFO  (DfIncludeQueryInitializer#checkQueryMap():81) - String
2024-12-03 17:22:25,227 [main] INFO  (DfIncludeQueryInitializer#checkQueryMap():81) - Number
2024-12-03 17:22:25,227 [main] INFO  (DfIncludeQueryInitializer#checkQueryMap():81) - Date
2024-12-03 17:22:25,228 [main] INFO  (DfIncludeQueryInitializer#checkQueryMap():86) -   NotEqual -> []
2024-12-03 17:22:25,228 [main] INFO  (DfIncludeQueryInitializer#checkQueryMap():86) -   InScope -> []
2024-12-03 17:22:25,228 [main] INFO  (DfIncludeQueryInitializer#checkQueryMap():86) -   NotInScope -> []
2024-12-03 17:22:25,228 [main] INFO  (DfIncludeQueryInitializer#checkQueryMap():81) - OrderBy
2024-12-03 17:22:25,228 [main] INFO  (DfIncludeQueryInitializer#initializeIncludeQuery():61) - ========/
2024-12-03 17:22:25,232 [main] INFO  (Database#info():2872) - public void parseAllCommon() {
2024-12-03 17:22:25,233 [main] INFO  (Database#info():2872) -     parse('DBCurrent');
2024-12-03 17:22:25,235 [main] INFO  (Database#info():2872) -     parse('DBFluteConfig');
2024-12-03 17:22:25,241 [main] INFO  (Database#info():2872) -     parse('DBFluteInitializer');
2024-12-03 17:22:25,243 [main] INFO  (Database#info():2872) -     parse('DBMetaInstanceHandler');
2024-12-03 17:22:25,250 [main] INFO  (Database#info():2872) -     parse('EntityDefinedCommonColumn');
2024-12-03 17:22:25,252 [main] INFO  (Database#info():2872) -     parse('ImplementedBehaviorSelector');
2024-12-03 17:22:25,254 [main] INFO  (Database#info():2872) -     parse('ImplementedCommonColumnAutoSetupper');
2024-12-03 17:22:25,256 [main] INFO  (Database#info():2872) -     parse('ImplementedInvokerAssistant');
2024-12-03 17:22:25,258 [main] INFO  (Database#info():2872) -     parse('ImplementedSqlClauseCreator');
2024-12-03 17:22:25,259 [main] INFO  (Database#info():2872) - }
2024-12-03 17:22:25,260 [main] INFO  (Database#info():2872) - public void parseContainerConfig() {
2024-12-03 17:22:25,260 [main] INFO  (Database#info():2872) -     parse('../resources/dbflute.xml')
2024-12-03 17:22:25,265 [main] INFO  (Database#info():2872) - }
2024-12-03 17:22:25,267 [main] INFO  (DfOldClassHandler#info():1045) - public void deleteOldTableClass() {
2024-12-03 17:22:25,275 [main] INFO  (DfOldClassHandler#info():1045) - }
2024-12-03 17:22:25,275 [main] INFO  (Database#info():2872) - public void parseTableClass() {
2024-12-03 17:22:25,275 [main] INFO  (Database#info():2872) -     parse('member');
2024-12-03 17:22:25,409 [main] INFO  (Database#info():2872) -     parse('member_address');
2024-12-03 17:22:25,466 [main] INFO  (Database#info():2872) -     parse('member_login');
2024-12-03 17:22:25,515 [main] INFO  (Database#info():2872) -     parse('member_security');
2024-12-03 17:22:25,555 [main] INFO  (Database#info():2872) -     parse('member_service');
2024-12-03 17:22:25,602 [main] INFO  (Database#info():2872) -     parse('member_status');
2024-12-03 17:22:25,642 [main] INFO  (Database#info():2872) -     parse('member_withdrawal');
2024-12-03 17:22:25,685 [main] INFO  (Database#info():2872) -     parse('product');
2024-12-03 17:22:25,733 [main] INFO  (Database#info():2872) -     parse('product_category');
2024-12-03 17:22:25,777 [main] INFO  (Database#info():2872) -     parse('product_status');
2024-12-03 17:22:25,807 [main] INFO  (Database#info():2872) -     parse('purchase');
2024-12-03 17:22:25,851 [main] INFO  (Database#info():2872) -     parse('purchase_payment');
2024-12-03 17:22:25,883 [main] INFO  (Database#info():2872) -     parse('region');
2024-12-03 17:22:25,912 [main] INFO  (Database#info():2872) -     parse('service_rank');
2024-12-03 17:22:25,942 [main] INFO  (Database#info():2872) -     parse('withdrawal_reason');
2024-12-03 17:22:25,975 [main] INFO  (Database#info():2872) - }
2024-12-03 17:22:25,975 [main] INFO  (Database#info():2872) -  
2024-12-03 17:22:25,997 [main] INFO  (DfRefreshMan#resolveProjectAutoDetect():105) - *Cannot auto-detect your refresh Eclipse proejct.
2024-12-03 17:22:25,997 [main] INFO  (DfRefreshResourceProcess#show():295) - /===========================================================================
2024-12-03 17:22:25,997 [main] INFO  (DfRefreshResourceProcess#show():295) - ...Refreshing [$$AutoDetect$$] by http://localhost:8386/
2024-12-03 17:22:26,020 [main] INFO  (DfRefreshResourceProcess#show():295) - ...Retrying refreshing by default secondary URL http://localhost:8387/
2024-12-03 17:22:26,021 [main] INFO  (DfRefreshResourceProcess#show():295) - Failed to refresh the resources (continued): url=http://localhost:8386/, cause=ConnectException(Connection refused)
2024-12-03 17:22:26,021 [main] INFO  (DfRefreshResourceProcess#show():295) - ==========/
2024-12-03 17:22:26,022 [main] INFO  (DfDBFluteTaskUtil#logFinalMessage():139) - 
_/_/_/_/_/_/_/_/_/_/_/_/_/_/_/_/_/_/_/_/_/_/
[Final Message]: 00m00s930ms

  DBFLUTE_CLIENT: {maihamadb}
    database  = mysql
    language  = java
    container = lasta_di
    package   = org.docksidestage.handson.dbflute

  DBFLUTE_ENVIRONMENT_TYPE: {}
    driver = com.mysql.jdbc.Driver
    url    = jdbc:mysql://localhost:43376/maihamadb?allowPublicKeyRetrieval=true&sslMode=DISABLED
    schema = {maihamadb.$$NoNameSchema$$ as main}
    user   = maihamadb
    props  = {}
    additionalSchema = 
    repsEnvType      = ut
    refreshProject   = $$AutoDetect$$
_/_/_/_/_/_/_/_/_/_/ {Generate}
